2022/08/07 14:10:34 [notice] 1#1: using the "epoll" event method
2022/08/07 14:10:34 [notice] 1#1: nginx/1.23.0
2022/08/07 14:10:34 [notice] 1#1: built by gcc 11.2.1 20220219 (Alpine 11.2.1_git20220219) 
2022/08/07 14:10:34 [notice] 1#1: OS: Linux 5.18.13-200.fc36.x86_64
2022/08/07 14:10:34 [notice] 1#1: getrlimit(RLIMIT_NOFILE): 1073741816:1073741816
2022/08/07 14:10:34 [notice] 1#1: start worker processes
2022/08/07 14:10:34 [notice] 1#1: start worker process 22
2022/08/07 14:10:34 [notice] 1#1: start worker process 23
2022/08/07 14:10:34 [notice] 1#1: start worker process 24
2022/08/07 14:10:34 [notice] 1#1: start worker process 25
2022/08/07 14:10:34 [notice] 1#1: start worker process 26
2022/08/07 14:10:34 [notice] 1#1: start worker process 27
2022/08/07 14:10:34 [notice] 1#1: start worker process 28
2022/08/07 14:10:34 [notice] 1#1: start worker process 29
2022/08/07 14:11:02 [notice] 1#1: signal 3 (SIGQUIT) received, shutting down
2022/08/07 14:11:02 [notice] 22#22: gracefully shutting down
2022/08/07 14:11:02 [notice] 22#22: exiting
2022/08/07 14:11:02 [notice] 29#29: gracefully shutting down
2022/08/07 14:11:02 [notice] 29#29: exiting
2022/08/07 14:11:02 [notice] 23#23: gracefully shutting down
2022/08/07 14:11:02 [notice] 22#22: exit
2022/08/07 14:11:02 [notice] 29#29: exit
2022/08/07 14:11:02 [notice] 23#23: exiting
2022/08/07 14:11:02 [notice] 23#23: exit
2022/08/07 14:11:02 [notice] 27#27: gracefully shutting down
2022/08/07 14:11:02 [notice] 27#27: exiting
2022/08/07 14:11:02 [notice] 27#27: exit
2022/08/07 14:11:02 [notice] 26#26: gracefully shutting down
2022/08/07 14:11:02 [notice] 26#26: exiting
2022/08/07 14:11:02 [notice] 26#26: exit
2022/08/07 14:11:02 [notice] 24#24: gracefully shutting down
2022/08/07 14:11:02 [notice] 24#24: exiting
2022/08/07 14:11:02 [notice] 24#24: exit
2022/08/07 14:11:02 [notice] 28#28: gracefully shutting down
2022/08/07 14:11:02 [notice] 28#28: exiting
2022/08/07 14:11:02 [notice] 25#25: gracefully shutting down
2022/08/07 14:11:02 [notice] 28#28: exit
2022/08/07 14:11:02 [notice] 25#25: exiting
2022/08/07 14:11:02 [notice] 25#25: exit
2022/08/07 14:11:02 [notice] 1#1: signal 17 (SIGCHLD) received from 29
2022/08/07 14:11:02 [notice] 1#1: worker process 29 exited with code 0
2022/08/07 14:11:02 [notice] 1#1: signal 29 (SIGIO) received
2022/08/07 14:11:02 [notice] 1#1: signal 17 (SIGCHLD) received from 25
2022/08/07 14:11:02 [notice] 1#1: worker process 25 exited with code 0
2022/08/07 14:11:02 [notice] 1#1: worker process 28 exited with code 0
2022/08/07 14:11:02 [notice] 1#1: worker process 22 exited with code 0
2022/08/07 14:11:02 [notice] 1#1: worker process 24 exited with code 0
2022/08/07 14:11:02 [notice] 1#1: worker process 26 exited with code 0
2022/08/07 14:11:02 [notice] 1#1: worker process 27 exited with code 0
2022/08/07 14:11:02 [notice] 1#1: signal 29 (SIGIO) received
2022/08/07 14:11:02 [notice] 1#1: signal 17 (SIGCHLD) received from 28
2022/08/07 14:11:02 [notice] 1#1: signal 17 (SIGCHLD) received from 23
2022/08/07 14:11:02 [notice] 1#1: worker process 23 exited with code 0
2022/08/07 14:11:02 [notice] 1#1: exit
